2020-03-07 15:02:41 [scrapy.utils.log] INFO: Scrapy 2.0.0 started (bot: scrapy_app)
2020-03-07 15:02:41 [scrapy.utils.log] INFO: Versions: lxml 4.5.0.0, libxml2 2.9.10, cssselect 1.1.0, parsel 1.5.2, w3lib 1.21.0, Twisted 19.10.0, Python 3.7.6 (default, Dec 20 2019, 22:36:14) - [GCC 8.3.0], pyOpenSSL 19.1.0 (OpenSSL 1.1.1d  10 Sep 2019), cryptography 2.8, Platform Linux-4.19.76-linuxkit-x86_64-with-debian-10.2
2020-03-07 15:02:41 [scrapy.utils.log] DEBUG: Using reactor: twisted.internet.epollreactor.EPollReactor
2020-03-07 15:02:41 [scrapy.crawler] INFO: Overridden settings:
{'BOT_NAME': 'scrapy_app',
 'LOG_FILE': 'logs/default/icrawler/af5596e8608411eaa15b0242c0a86008.log',
 'NEWSPIDER_MODULE': 'scrapy_app.spiders',
 'ROBOTSTXT_OBEY': True,
 'SPIDER_MODULES': ['scrapy_app.spiders'],
 'USER_AGENT': 'Mozilla/5.0 (compatible; Googlebot/2.1; '
               '+http://www.google.com/bot.html)'}
2020-03-07 15:02:41 [scrapy.extensions.telnet] INFO: Telnet Password: 570072817cb59b08
2020-03-07 15:02:41 [scrapy.middleware] INFO: Enabled extensions:
['scrapy.extensions.corestats.CoreStats',
 'scrapy.extensions.telnet.TelnetConsole',
 'scrapy.extensions.memusage.MemoryUsage',
 'scrapy.extensions.logstats.LogStats']
2020-03-07 15:02:41 [scrapy.middleware] INFO: Enabled downloader middlewares:
['scrapy.downloadermiddlewares.robotstxt.RobotsTxtMiddleware',
 'scrapy.downloadermiddlewares.httpauth.HttpAuthMiddleware',
 'scrapy.downloadermiddlewares.downloadtimeout.DownloadTimeoutMiddleware',
 'scrapy.downloadermiddlewares.defaultheaders.DefaultHeadersMiddleware',
 'scrapy.downloadermiddlewares.useragent.UserAgentMiddleware',
 'scrapy.downloadermiddlewares.retry.RetryMiddleware',
 'scrapy.downloadermiddlewares.redirect.MetaRefreshMiddleware',
 'scrapy.downloadermiddlewares.httpcompression.HttpCompressionMiddleware',
 'scrapy.downloadermiddlewares.redirect.RedirectMiddleware',
 'scrapy.downloadermiddlewares.cookies.CookiesMiddleware',
 'scrapy.downloadermiddlewares.httpproxy.HttpProxyMiddleware',
 'scrapy.downloadermiddlewares.stats.DownloaderStats']
2020-03-07 15:02:41 [scrapy.middleware] INFO: Enabled spider middlewares:
['scrapy.spidermiddlewares.httperror.HttpErrorMiddleware',
 'scrapy.spidermiddlewares.offsite.OffsiteMiddleware',
 'scrapy.spidermiddlewares.referer.RefererMiddleware',
 'scrapy.spidermiddlewares.urllength.UrlLengthMiddleware',
 'scrapy.spidermiddlewares.depth.DepthMiddleware']
2020-03-07 15:02:41 [scrapy.middleware] INFO: Enabled item pipelines:
['scrapy_app.pipelines.ScrapyAppPipeline']
2020-03-07 15:02:41 [scrapy.core.engine] INFO: Spider opened
2020-03-07 15:02:41 [scrapy.extensions.logstats] INFO: Crawled 0 pages (at 0 pages/min), scraped 0 items (at 0 items/min)
2020-03-07 15:02:41 [scrapy.extensions.telnet] INFO: Telnet console listening on 127.0.0.1:6023
2020-03-07 15:02:42 [scrapy.downloadermiddlewares.retry] DEBUG: Retrying <GET http://localhost:80/robots.txt> (failed 1 times): Connection was refused by other side: 111: Connection refused.
2020-03-07 15:02:42 [scrapy.downloadermiddlewares.retry] DEBUG: Retrying <GET http://localhost:80/robots.txt> (failed 2 times): Connection was refused by other side: 111: Connection refused.
2020-03-07 15:02:42 [scrapy.downloadermiddlewares.retry] ERROR: Gave up retrying <GET http://localhost:80/robots.txt> (failed 3 times): Connection was refused by other side: 111: Connection refused.
2020-03-07 15:02:42 [scrapy.downloadermiddlewares.robotstxt] ERROR: Error downloading <GET http://localhost:80/robots.txt>: Connection was refused by other side: 111: Connection refused.
Traceback (most recent call last):
  File "/usr/local/lib/python3.7/site-packages/scrapy/core/downloader/middleware.py", line 42, in process_request
    defer.returnValue((yield download_func(request=request, spider=spider)))
twisted.internet.error.ConnectionRefusedError: Connection was refused by other side: 111: Connection refused.
2020-03-07 15:02:42 [scrapy.downloadermiddlewares.retry] DEBUG: Retrying <GET http://localhost:80> (failed 1 times): Connection was refused by other side: 111: Connection refused.
2020-03-07 15:02:43 [scrapy.downloadermiddlewares.retry] DEBUG: Retrying <GET http://localhost:80> (failed 2 times): Connection was refused by other side: 111: Connection refused.
2020-03-07 15:02:43 [scrapy.downloadermiddlewares.retry] ERROR: Gave up retrying <GET http://localhost:80> (failed 3 times): Connection was refused by other side: 111: Connection refused.
2020-03-07 15:02:43 [scrapy.core.scraper] ERROR: Error downloading <GET http://localhost:80>
Traceback (most recent call last):
  File "/usr/local/lib/python3.7/site-packages/scrapy/core/downloader/middleware.py", line 42, in process_request
    defer.returnValue((yield download_func(request=request, spider=spider)))
twisted.internet.error.ConnectionRefusedError: Connection was refused by other side: 111: Connection refused.
2020-03-07 15:02:43 [scrapy.core.engine] INFO: Closing spider (finished)
2020-03-07 15:02:43 [asyncio] DEBUG: Using selector: EpollSelector
2020-03-07 15:02:43 [scrapy.statscollectors] INFO: Dumping Scrapy stats:
{'downloader/exception_count': 6,
 'downloader/exception_type_count/twisted.internet.error.ConnectionRefusedError': 6,
 'downloader/request_bytes': 1512,
 'downloader/request_count': 6,
 'downloader/request_method_count/GET': 6,
 'elapsed_time_seconds': 2.07833,
 'finish_reason': 'finished',
 'finish_time': datetime.datetime(2020, 3, 7, 15, 2, 43, 777094),
 'log_count/DEBUG': 5,
 'log_count/ERROR': 4,
 'log_count/INFO': 10,
 'memusage/max': 82878464,
 'memusage/startup': 82878464,
 'retry/count': 4,
 'retry/max_reached': 2,
 'retry/reason_count/twisted.internet.error.ConnectionRefusedError': 4,
 "robotstxt/exception_count/<class 'twisted.internet.error.ConnectionRefusedError'>": 1,
 'robotstxt/request_count': 1,
 'scheduler/dequeued': 3,
 'scheduler/dequeued/memory': 3,
 'scheduler/enqueued': 3,
 'scheduler/enqueued/memory': 3,
 'start_time': datetime.datetime(2020, 3, 7, 15, 2, 41, 698764)}
2020-03-07 15:02:43 [scrapy.core.engine] INFO: Spider closed (finished)
